# JRE version: OpenJDK Runtime Environment Temurin-23.0.2+7 (23.0.2+7) (build 23.0.2+7)
# Java VM: OpenJDK 64-Bit Server VM Temurin-23.0.2+7 (23.0.2+7, mixed mode, emulated-client, sharing, tiered, compressed oops, compressed class ptrs, g1 gc, windows-amd64)
GC Precious Log:
 CardTable entry size: 512
 Card Set container configuration: InlinePtr #cards 5 size 8 Array Of Cards #cards 10 size 36 Howl #buckets 4 coarsen threshold 1843 Howl Bitmap #cards 512 size 80 coarsen threshold 460 Card regions per heap region 1 cards per card region 2048
 CPUs: 12 total, 12 available
 Memory: 8011M
 Large Page Support: Disabled
 NUMA Support: Disabled
 Compressed Oops: Enabled (32-bit)
 Heap Region Size: 1M
 Heap Min Capacity: 8M
 Heap Initial Capacity: 126M
 Heap Max Capacity: 2004M
 Pre-touch: Disabled
 Parallel Workers: 10
 Concurrent Workers: 3
 Concurrent Refinement Workers: 10
 Periodic GC: Disabled
Heap:
 garbage-first heap   total reserved 2052096K, committed 78848K, used 41078K [0x0000000082c00000, 0x0000000100000000)
  region size 1024K, 15 young (15360K), 4 survivors (4096K)
 Metaspace       used 73517K, committed 74304K, reserved 1114112K
  class space    used 10801K, committed 11136K, reserved 1048576K
GC Heap History (20 events):
Event: 5.347 GC heap before
{Heap before GC invocations=20 (full 0):
 garbage-first heap   total reserved 2052096K, committed 65536K, used 56967K [0x0000000082c00000, 0x0000000100000000)
  region size 1024K, 34 young (34816K), 3 survivors (3072K)
 Metaspace       used 54761K, committed 55296K, reserved 1114112K
  class space    used 7886K, committed 8128K, reserved 1048576K
}
Event: 5.349 GC heap after
{Heap after GC invocations=21 (full 0):
 garbage-first heap   total reserved 2052096K, committed 65536K, used 25769K [0x0000000082c00000, 0x0000000100000000)
  region size 1024K, 3 young (3072K), 3 survivors (3072K)
 Metaspace       used 54761K, committed 55296K, reserved 1114112K
  class space    used 7886K, committed 8128K, reserved 1048576K
}
Event: 5.714 GC heap before
{Heap before GC invocations=21 (full 0):
 garbage-first heap   total reserved 2052096K, committed 65536K, used 57513K [0x0000000082c00000, 0x0000000100000000)
  region size 1024K, 34 young (34816K), 3 survivors (3072K)
 Metaspace       used 57503K, committed 58112K, reserved 1114112K
  class space    used 8291K, committed 8512K, reserved 1048576K
}
Event: 5.717 GC heap after
{Heap after GC invocations=22 (full 0):
 garbage-first heap   total reserved 2052096K, committed 65536K, used 26886K [0x0000000082c00000, 0x0000000100000000)
  region size 1024K, 4 young (4096K), 4 survivors (4096K)
 Metaspace       used 57503K, committed 58112K, reserved 1114112K
  class space    used 8291K, committed 8512K, reserved 1048576K
}
Event: 5.903 GC heap before
{Heap before GC invocations=22 (full 0):
 garbage-first heap   total reserved 2052096K, committed 65536K, used 50438K [0x0000000082c00000, 0x0000000100000000)
  region size 1024K, 28 young (28672K), 4 survivors (4096K)
 Metaspace       used 59604K, committed 60160K, reserved 1114112K
  class space    used 8586K, committed 8832K, reserved 1048576K
}
Event: 5.907 GC heap after
{Heap after GC invocations=23 (full 0):
 garbage-first heap   total reserved 2052096K, committed 65536K, used 27776K [0x0000000082c00000, 0x0000000100000000)
  region size 1024K, 4 young (4096K), 4 survivors (4096K)
 Metaspace       used 59604K, committed 60160K, reserved 1114112K
  class space    used 8586K, committed 8832K, reserved 1048576K
}
Event: 6.206 GC heap before
{Heap before GC invocations=24 (full 0):
 garbage-first heap   total reserved 2052096K, committed 65536K, used 56448K [0x0000000082c00000, 0x0000000100000000)
  region size 1024K, 32 young (32768K), 4 survivors (4096K)
 Metaspace       used 61361K, committed 62016K, reserved 1114112K
  class space    used 8918K, committed 9216K, reserved 1048576K
}
Event: 6.210 GC heap after
{Heap after GC invocations=25 (full 0):
 garbage-first heap   total reserved 2052096K, committed 65536K, used 29356K [0x0000000082c00000, 0x0000000100000000)
  region size 1024K, 4 young (4096K), 4 survivors (4096K)
 Metaspace       used 61361K, committed 62016K, reserved 1114112K
  class space    used 8918K, committed 9216K, reserved 1048576K
}
Event: 6.419 GC heap before
{Heap before GC invocations=25 (full 0):
 garbage-first heap   total reserved 2052096K, committed 65536K, used 57004K [0x0000000082c00000, 0x0000000100000000)
  region size 1024K, 31 young (31744K), 4 survivors (4096K)
 Metaspace       used 63279K, committed 64000K, reserved 1114112K
  class space    used 9225K, committed 9536K, reserved 1048576K
}
Event: 6.423 GC heap after
{Heap after GC invocations=26 (full 0):
 garbage-first heap   total reserved 2052096K, committed 78848K, used 30815K [0x0000000082c00000, 0x0000000100000000)
  region size 1024K, 4 young (4096K), 4 survivors (4096K)
 Metaspace       used 63279K, committed 64000K, reserved 1114112K
  class space    used 9225K, committed 9536K, reserved 1048576K
}
Event: 11.463 GC heap before
{Heap before GC invocations=26 (full 0):
 garbage-first heap   total reserved 2052096K, committed 78848K, used 67679K [0x0000000082c00000, 0x0000000100000000)
  region size 1024K, 41 young (41984K), 4 survivors (4096K)
 Metaspace       used 66663K, committed 67328K, reserved 1114112K
  class space    used 9725K, committed 9984K, reserved 1048576K
}
Event: 11.471 GC heap after
{Heap after GC invocations=27 (full 0):
 garbage-first heap   total reserved 2052096K, committed 78848K, used 33534K [0x0000000082c00000, 0x0000000100000000)
  region size 1024K, 5 young (5120K), 5 survivors (5120K)
 Metaspace       used 66663K, committed 67328K, reserved 1114112K
  class space    used 9725K, committed 9984K, reserved 1048576K
}
Event: 28.698 GC heap before
{Heap before GC invocations=27 (full 0):
 garbage-first heap   total reserved 2052096K, committed 78848K, used 66302K [0x0000000082c00000, 0x0000000100000000)
  region size 1024K, 38 young (38912K), 5 survivors (5120K)
 Metaspace       used 70200K, committed 70976K, reserved 1114112K
  class space    used 10201K, committed 10560K, reserved 1048576K
}
Event: 28.706 GC heap after
{Heap after GC invocations=28 (full 0):
 garbage-first heap   total reserved 2052096K, committed 78848K, used 32795K [0x0000000082c00000, 0x0000000100000000)
  region size 1024K, 2 young (2048K), 2 survivors (2048K)
 Metaspace       used 70200K, committed 70976K, reserved 1114112K
  class space    used 10201K, committed 10560K, reserved 1048576K
}
Event: 29.066 GC heap before
{Heap before GC invocations=28 (full 0):
 garbage-first heap   total reserved 2052096K, committed 78848K, used 70683K [0x0000000082c00000, 0x0000000100000000)
  region size 1024K, 39 young (39936K), 2 survivors (2048K)
 Metaspace       used 71312K, committed 72064K, reserved 1114112K
  class space    used 10491K, committed 10816K, reserved 1048576K
}
Event: 29.070 GC heap after
{Heap after GC invocations=29 (full 0):
 garbage-first heap   total reserved 2052096K, committed 78848K, used 33512K [0x0000000082c00000, 0x0000000100000000)
  region size 1024K, 2 young (2048K), 2 survivors (2048K)
 Metaspace       used 71312K, committed 72064K, reserved 1114112K
  class space    used 10491K, committed 10816K, reserved 1048576K
}
Event: 105.854 GC heap before
{Heap before GC invocations=29 (full 0):
 garbage-first heap   total reserved 2052096K, committed 78848K, used 63208K [0x0000000082c00000, 0x0000000100000000)
  region size 1024K, 33 young (33792K), 2 survivors (2048K)
 Metaspace       used 73361K, committed 74176K, reserved 1114112K
  class space    used 10776K, committed 11136K, reserved 1048576K
}
Event: 105.892 GC heap after
{Heap after GC invocations=30 (full 1):
 garbage-first heap   total reserved 2052096K, committed 78848K, used 28158K [0x0000000082c00000, 0x0000000100000000)
  region size 1024K, 0 young (0K), 0 survivors (0K)
 Metaspace       used 73361K, committed 74176K, reserved 1114112K
  class space    used 10776K, committed 11136K, reserved 1048576K
}
Event: 106.438 GC heap before
{Heap before GC invocations=30 (full 1):
 garbage-first heap   total reserved 2052096K, committed 78848K, used 69118K [0x0000000082c00000, 0x0000000100000000)
  region size 1024K, 41 young (41984K), 0 survivors (0K)
 Metaspace       used 73448K, committed 74240K, reserved 1114112K
  class space    used 10790K, committed 11136K, reserved 1048576K
}
Event: 106.440 GC heap after
{Heap after GC invocations=31 (full 1):
 garbage-first heap   total reserved 2052096K, committed 78848K, used 31862K [0x0000000082c00000, 0x0000000100000000)
  region size 1024K, 4 young (4096K), 4 survivors (4096K)
 Metaspace       used 73448K, committed 74240K, reserved 1114112K
  class space    used 10790K, committed 11136K, reserved 1048576K
}

